<?xml version="1.0" encoding="UTF-8"?>
<!-- Generated by org.testng.reporters.JUnitReportReporter -->
<testsuite hostname="LAPTOP-76HAPQ6V" failures="0" tests="2" name="Module2_LoginTest.SwagLabLoginTest3" time="20.812" errors="0" timestamp="2023-01-17T18:46:59 IST" skipped="0">
  <testcase classname="Module2_LoginTest.SwagLabLoginTest3" name="verifyLogo" time="9.861"/>
  <system-out/>
  <testcase classname="Module2_LoginTest.SwagLabLoginTest3" name="AddToCartConvertToRemove" time="10.951"/>
  <system-out/>
</testsuite> <!-- Module2_LoginTest.SwagLabLoginTest3 -->
